<?xml version="1.0" encoding="UTF-8"?>
<!-- Generated by org.testng.reporters.JUnitReportReporter -->
<testsuite hostname="Gayathrigs" failures="0" tests="1" name="com.test.LoginClass" time="5.470" errors="0" timestamp="2022-10-11T17:36:01 IST" skipped="0">
  <testcase classname="com.test.LoginClass" name="baseLogin" time="5.470"/>
  <system-out/>
</testsuite> <!-- com.test.LoginClass -->
