<?xml version="1.0" encoding="UTF-8"?>
<!-- Generated by org.testng.reporters.JUnitReportReporter -->
<testsuite hostname="JM-LT" failures="0" tests="1" name="com.test.LoginClass" time="4.544" errors="0" timestamp="2022-09-15T12:30:45 IST" skipped="0">
  <testcase classname="com.test.LoginClass" name="baseLogin" time="4.544"/>
  <system-out/>
</testsuite> <!-- com.test.LoginClass -->
