<?xml version="1.0" encoding="UTF-8"?>
<!-- Generated by org.testng.reporters.JUnitReportReporter -->
<testsuite hostname="JM-LT" failures="0" tests="1" name="com.test.LoginClass" time="3.972" errors="0" timestamp="2022-09-14T13:12:35 IST" skipped="0">
  <testcase classname="com.test.LoginClass" name="baseLogin" time="3.972"/>
  <system-out/>
</testsuite> <!-- com.test.LoginClass -->
